{
  "RSpec": {
    "coverage": {
      "/home/agranado/projects/experiments/sift/checkout/lib/syft_co.rb": [
        1,
        1,
        1,
        1,
        1,
        1,
        null,
        1,
        null,
        null
      ],
      "/home/agranado/projects/experiments/sift/checkout/lib/rule.rb": [
        1,
        1,
        1,
        null,
        1,
        34,
        34,
        34,
        34,
        34,
        null,
        null,
        1,
        3,
        null,
        null,
        1,
        11,
        11,
        null,
        null,
        null,
        null
      ],
      "/home/agranado/projects/experiments/sift/checkout/lib/rules/discount.rb": [
        1,
        1,
        1,
        1,
        5,
        5,
        null,
        null,
        null,
        null
      ],
      "/home/agranado/projects/experiments/sift/checkout/lib/rules/item.rb": [
        1,
        1,
        1,
        1,
        13,
        4,
        4,
        null,
        null,
        null,
        null
      ],
      "/home/agranado/projects/experiments/sift/checkout/lib/promotion_rules.rb": [
        1,
        1,
        1,
        null,
        1,
        6,
        null,
        null,
        1,
        5,
        5,
        5,
        null,
        null,
        1,
        5,
        2,
        null,
        5,
        null,
        null,
        1,
        5,
        2,
        null,
        5,
        null,
        null,
        null
      ],
      "/home/agranado/projects/experiments/sift/checkout/lib/checkout_item.rb": [
        1,
        1,
        1,
        null,
        1,
        20,
        20,
        20,
        20,
        null,
        null,
        null
      ],
      "/home/agranado/projects/experiments/sift/checkout/lib/checkout.rb": [
        1,
        1,
        1,
        null,
        1,
        5,
        5,
        null,
        null,
        1,
        12,
        12,
        10,
        null,
        2,
        null,
        null,
        null,
        1,
        5,
        5,
        null,
        5,
        null,
        5,
        null,
        5,
        null,
        null,
        1,
        1,
        15,
        null,
        null,
        1,
        5,
        null,
        null,
        1,
        5,
        null,
        null,
        null
      ],
      "/home/agranado/projects/experiments/sift/checkout/spec/rule_spec.rb": [
        1,
        null,
        1,
        2,
        14,
        14,
        null,
        4,
        4,
        4,
        4,
        4,
        null,
        8,
        null,
        2,
        2,
        4,
        4,
        null,
        null,
        2,
        4,
        4,
        null,
        null,
        null,
        null
      ],
      "/home/agranado/projects/experiments/sift/checkout/spec/checkout_item_spec.rb": [
        1,
        null,
        1,
        0,
        0,
        null,
        0,
        null,
        0,
        0,
        0,
        0,
        null,
        null
      ],
      "/home/agranado/projects/experiments/sift/checkout/spec/checkout_spec.rb": [
        1,
        null,
        1,
        1,
        3,
        null,
        5,
        4,
        4,
        null,
        1,
        1,
        null,
        null,
        1,
        1,
        1,
        1,
        1,
        null,
        null,
        1,
        1,
        null,
        null,
        null,
        1,
        3,
        3,
        null,
        1,
        1,
        1,
        1,
        null,
        null,
        1,
        2,
        null,
        1,
        1,
        1,
        1,
        null,
        null,
        1,
        1,
        null,
        null,
        null,
        null,
        1,
        1,
        1,
        1,
        null,
        null,
        1,
        2,
        null,
        1,
        1,
        1,
        1,
        null,
        null,
        1,
        1,
        null,
        null,
        null,
        null,
        1,
        1,
        1,
        1,
        1,
        null,
        null,
        1,
        2,
        1,
        1,
        1,
        1,
        1,
        null,
        null,
        1,
        1,
        null,
        null,
        null,
        null,
        null,
        null
      ],
      "/home/agranado/projects/experiments/sift/checkout/spec/promotion_rules_spec.rb": [
        1,
        null,
        1,
        1,
        2,
        null,
        1,
        1,
        2,
        null,
        2,
        null,
        null,
        null,
        null
      ],
      "/home/agranado/projects/experiments/sift/checkout/spec/rules/discount_spec.rb": [
        1,
        null,
        1,
        1,
        3,
        4,
        null,
        1,
        1,
        2,
        1,
        1,
        null,
        null,
        null,
        1,
        2,
        1,
        1,
        null,
        null,
        null,
        null,
        1,
        2,
        null,
        1,
        2,
        1,
        1,
        null,
        null,
        null,
        null
      ],
      "/home/agranado/projects/experiments/sift/checkout/spec/rules/item_spec.rb": [
        1,
        null,
        1,
        1,
        3,
        1,
        3,
        null,
        1,
        2,
        null,
        1,
        2,
        null,
        null,
        1,
        1,
        null,
        1,
        null,
        null,
        null,
        1,
        2,
        2,
        null,
        null,
        1,
        1,
        null,
        1,
        null,
        null,
        null,
        null
      ]
    },
    "timestamp": 1511292094
  }
}
